<?xml version="1.0" encoding="UTF-8"?>
<testsuite name="teste.AppTest" tests="1" skipped="0" failures="0" errors="0" timestamp="2022-10-27T16:48:49" hostname="DESKTOP-LIBKKAH" time="0.008">
  <properties/>
  <testcase name="appHasAGreeting" classname="teste.AppTest" time="0.008"/>
  <system-out><![CDATA[]]></system-out>
  <system-err><![CDATA[]]></system-err>
</testsuite>
