<?xml version="1.0" encoding="UTF-8"?>
<testsuite name="teste.AppTest" tests="1" skipped="0" failures="0" errors="0" timestamp="2022-10-27T16:33:56" hostname="insosso-netbeans-efoevdxkcko" time="0.002">
  <properties/>
  <testcase name="appHasAGreeting" classname="teste.AppTest" time="0.002"/>
  <system-out><![CDATA[]]></system-out>
  <system-err><![CDATA[]]></system-err>
</testsuite>
