<?xml version="1.0" encoding="UTF-8"?>
<testsuite name="handson.AppTest" tests="1" skipped="0" failures="0" errors="0" timestamp="2022-10-10T12:29:11" hostname="DESKTOP-LIBKKAH" time="0.002">
  <properties/>
  <testcase name="appHasAGreeting" classname="handson.AppTest" time="0.002"/>
  <system-out><![CDATA[]]></system-out>
  <system-err><![CDATA[]]></system-err>
</testsuite>
